<?xml version = '1.0' encoding = 'utf-8'?>
<TestScenario>
<Config>
...
</Config>
<!-- Тесты проверяют работу алгоритма ControlProcess в части выставления сигналов о высоком/низком уровне воды  -->
<!-- Тесты проверяют, что выставление сигнала о высоком/низком уровне происходит по методу "гистерезиса" -  
       сигнал выставляется при большей уставке чем снимается. Проверка уровней происходит на пяти участках в зависимости от уровня воды:
       - Первый участок располагается меджу максимальным уровнем и верхней границей гистерезиса
       - Второй участок располагается между верхней границей гистерезиса и нижней границей гистерезиса
       - Третий участок располагается между нижней границей гистерезиса и минимальным уровнем воды 
      Проверка уровней происходит на этих трех уастках и границах этих участков, включая максимальное 
      и минимальное значение. Проверка происходит при постепенном увеличениие уровня воды и его прохождения через участки, затем при уменьшении уровня воды(для проверги работы гистерезиса).
      Таким образом, всего необходимо совершить 11 проверок.

        Уставка выставления сигнала "высокий уровень" - 910 
        Уставка снятия сигнала "высокий уровень" - 890 
        Уставка выставления сигнала "низкий уровень" - 10 
        Уставка снятия сигнала "низкий уровень" - 20 


-->

<TestList type="uniset">

<!-- __________Проверка НИЗКОГО уровня______________ -->

<test name="WaterLevelZero" comment="Проверка выставления НИЗКОГО уровня">
     <action set="Tank1_WaterLevel_AS=0" comment="Установка уровня воды"/>
     <check test="Tank1_LevelIsLow_S=1" comment="Соответствеие низкому уровню"/>
     <check test="Tank1_LevelIsHigh_S=0" comment="Соответствеие высокому уровню"/>
</test>

<test name="BetweenZeroAndLowHist" comment="Проверка выставления НИЗКОГО уровня">
     <action set="Tank1_WaterLevel_AS=5" comment="Установка уровня воды"/>
     <check test="Tank1_LevelIsLow_S=1" comment="Соответствеие низкому уровню"/>
     <check test="Tank1_LevelIsHigh_S=0" comment="Соответствеие высокому уровню"/>
</test>

<test name="LowHist" comment="Проверка выставления НИЗКОГО уровня">
     <action set="Tank1_WaterLevel_AS=10" comment="Установка уровня воды"/>
     <check test="Tank1_LevelIsLow_S=1" comment="Соответствеие низкому уровню"/>
     <check test="Tank1_LevelIsHigh_S=0" comment="Соответствеие высокому уровню"/>
</test>

<test name="BetweenLowAndHightHist" comment="Проверка выставления НИЗКОГО уровня">
     <action set="Tank1_WaterLevel_AS=15" comment="Установка уровня воды"/>
     <check test="Tank1_LevelIsLow_S=1" comment="Соответствеие низкому уровню"/>
     <check test="Tank1_LevelIsHigh_S=0" comment="Соответствеие высокому уровню"/>
</test>

<test name="HightHist" comment="Проверка выставления НИЗКОГО уровня">
     <action set="Tank1_WaterLevel_AS=20" comment="Установка уровня воды"/>
     <check test="Tank1_LevelIsLow_S=0" comment="Соответствеие низкому уровню"/>
     <check test="Tank1_LevelIsHigh_S=0" comment="Соответствеие высокому уровню"/>
</test>

<test name="BetweenHightHistAndMaxLevel" comment="Проверка выставления НИЗКОГО уровня">
     <action set="Tank1_WaterLevel_AS=100" comment="Установка уровня воды"/>
     <check test="Tank1_LevelIsLow_S=0" comment="Соответствеие низкому уровню"/>
     <check test="Tank1_LevelIsHigh_S=0" comment="Соответствеие высокому уровню"/>
</test>

<test name="HightHist" comment="Проверка выставления НИЗКОГО уровня">
     <action set="Tank1_WaterLevel_AS=20" comment="Установка уровня воды"/>
     <check test="Tank1_LevelIsLow_S=0" comment="Соответствеие низкому уровню"/>
     <check test="Tank1_LevelIsHigh_S=0" comment="Соответствеие высокому уровню"/>
</test>

<test name="BetweenLowAndHightHist" comment="Проверка выставления НИЗКОГО уровня">
     <action set="Tank1_WaterLevel_AS=15" comment="Установка уровня воды"/>
     <check test="Tank1_LevelIsLow_S=0" comment="Соответствеие низкому уровню"/>
     <check test="Tank1_LevelIsHigh_S=0" comment="Соответствеие высокому уровню"/>
</test>

<test name="LowHist" comment="Проверка выставления НИЗКОГО уровня">
     <action set="Tank1_WaterLevel_AS=10" comment="Установка уровня воды"/>
     <check test="Tank1_LevelIsLow_S=1" comment="Соответствеие низкому уровню"/>
     <check test="Tank1_LevelIsHigh_S=0" comment="Соответствеие высокому уровню"/>
</test>

<test name="BetweenZeroAndLowHist" comment="Проверка выставления НИЗКОГО уровня">
     <action set="Tank1_WaterLevel_AS=5" comment="Установка уровня воды"/>
     <check test="Tank1_LevelIsLow_S=1" comment="Соответствеие низкому уровню"/>
     <check test="Tank1_LevelIsHigh_S=0" comment="Соответствеие высокому уровню"/>
</test>

<test name="WaterLevelZero" comment="Проверка выставления НИЗКОГО уровня">
     <action set="Tank1_WaterLevel_AS=0" comment="Установка уровня воды"/>
     <check test="Tank1_LevelIsLow_S=1" comment="Соответствеие низкому уровню"/>
     <check test="Tank1_LevelIsHigh_S=0" comment="Соответствеие высокому уровню"/>
</test>

<test name="WaterLevelZero" comment="Проверка выставления НИЗКОГО уровня">
     <action set="Tank1_WaterLevel_AS=0" comment="Установка уровня воды"/>
     <check test="Tank1_LevelIsLow_S=1" comment="Соответствеие низкому уровню"/>
     <check test="Tank1_LevelIsHigh_S=0" comment="Соответствеие высокому уровню"/>
</test>

<!-- __________Проверка ВЫСОКОГО уровня______________ -->

<test name="BetweenZeroAndLowHist" comment="Проверка выставления Высокого уровня">
     <action set="Tank1_WaterLevel_AS=500" comment="Установка уровня воды"/>
     <check test="Tank1_LevelIsLow_S=0" comment="Соответствеие низкому уровню"/>
     <check test="Tank1_LevelIsHigh_S=0" comment="Соответствеие высокому уровню"/>
</test>

<test name="LowHist" comment="Проверка выставления Высокого уровня">
     <action set="Tank1_WaterLevel_AS=890" comment="Установка уровня воды"/>
     <check test="Tank1_LevelIsLow_S=0" comment="Соответствеие низкому уровню"/>
     <check test="Tank1_LevelIsHigh_S=0" comment="Соответствеие высокому уровню"/>
</test>

<test name="BetweenLowAndHightHist" comment="Проверка выставления Высокого уровня">
     <action set="Tank1_WaterLevel_AS=900" comment="Установка уровня воды"/>
     <check test="Tank1_LevelIsLow_S=0" comment="Соответствеие низкому уровню"/>
     <check test="Tank1_LevelIsHigh_S=0" comment="Соответствеие высокому уровню"/>
</test>

<test name="HightHist" comment="Проверка выставления Высокого уровня">
     <action set="Tank1_WaterLevel_AS=910" comment="Установка уровня воды"/>
     <check test="Tank1_LevelIsLow_S=0" comment="Соответствеие низкому уровню"/>
     <check test="Tank1_LevelIsHigh_S=1" comment="Соответствеие высокому уровню"/>
</test>

<test name="BetweenHightHistAndMaxLevel" comment="Проверка выставления Высокого уровня">
     <action set="Tank1_WaterLevel_AS=950" comment="Установка уровня воды"/>
     <check test="Tank1_LevelIsLow_S=0" comment="Соответствеие низкому уровню"/>
     <check test="Tank1_LevelIsHigh_S=1" comment="Соответствеие высокому уровню"/>
</test>

<test name="MaxLevel" comment="Проверка выставления Высокого уровня">
     <action set="Tank1_WaterLevel_AS=1000" comment="Установка уровня воды"/>
     <check test="Tank1_LevelIsLow_S=0" comment="Соответствеие низкому уровню"/>
     <check test="Tank1_LevelIsHigh_S=1" comment="Соответствеие высокому уровню"/>
</test>

<test name="BetweenHightHistAndMaxLevel" comment="Проверка выставления Высокого уровня">
     <action set="Tank1_WaterLevel_AS=950" comment="Установка уровня воды"/>
     <check test="Tank1_LevelIsLow_S=0" comment="Соответствеие низкому уровню"/>
     <check test="Tank1_LevelIsHigh_S=1" comment="Соответствеие высокому уровню"/>
</test>

<test name="HightHist" comment="Проверка выставления Высокого уровня">
     <action set="Tank1_WaterLevel_AS=910" comment="Установка уровня воды"/>
     <check test="Tank1_LevelIsLow_S=0" comment="Соответствеие низкому уровню"/>
     <check test="Tank1_LevelIsHigh_S=1" comment="Соответствеие высокому уровню"/>
</test>

<test name="BetweenLowAndHightHist" comment="Проверка выставления Высокого уровня">
     <action set="Tank1_WaterLevel_AS=900" comment="Установка уровня воды"/>
     <check test="Tank1_LevelIsLow_S=0" comment="Соответствеие низкому уровню"/>
     <check test="Tank1_LevelIsHigh_S=1" comment="Соответствеие высокому уровню"/>
</test>

<test name="LowHist" comment="Проверка выставления Высокого уровня">
     <action set="Tank1_WaterLevel_AS=810" comment="Установка уровня воды"/>
     <check test="Tank1_LevelIsLow_S=0" comment="Соответствеие низкому уровню"/>
     <check test="Tank1_LevelIsHigh_S=0" comment="Соответствеие высокому уровню"/>
</test>

<test name="BetweenZeroAndLowHist" comment="Проверка выставления Высокого уровня">
     <action set="Tank1_WaterLevel_AS=800" comment="Установка уровня воды"/>
     <check test="Tank1_LevelIsLow_S=0" comment="Соответствеие низкому уровню"/>
     <check test="Tank1_LevelIsHigh_S=0" comment="Соответствеие высокому уровню"/>
</test>


</TestList>
</TestScenario>

